astro_weather/build/app/intermediates/manifest_merge_blame_file/release/manifest-merger-blame-release-report.txt
1<?xml version="1.0" encoding="utf-8"?>
2<manifest xmlns:android="http://schemas.android.com/apk/res/android"
3    package="com.example.astro_weather"
4    android:versionCode="1"
5    android:versionName="0.0.1" >
6
7    <uses-sdk
8        android:minSdkVersion="20"
8-->src\main\AndroidManifest.xml
9        android:targetSdkVersion="33" />
9-->src\main\AndroidManifest.xml
10
11    <uses-permission android:name="android.permission.ACCESS_COARSE_LOCATION" />
11-->src\main\AndroidManifest.xml:3:5-81
11-->src\main\AndroidManifest.xml:3:22-78
12    <uses-permission android:name="android.permission.FOREGROUND_SERVICE" /> <!-- Include required permissions for Google Maps API to run. -->
12-->[:geolocator_android] AndroidManifest.xml:9:5-77
12-->[:geolocator_android] AndroidManifest.xml:9:22-74
13    <uses-permission android:name="android.permission.ACCESS_NETWORK_STATE" />
13-->[com.google.android.gms:play-services-maps:18.1.0] AndroidManifest.xml:23:5-79
13-->[com.google.android.gms:play-services-maps:18.1.0] AndroidManifest.xml:23:22-76
14    <uses-permission android:name="android.permission.INTERNET" />
14-->[com.google.android.gms:play-services-maps:18.1.0] AndroidManifest.xml:24:5-67
14-->[com.google.android.gms:play-services-maps:18.1.0] AndroidManifest.xml:24:22-64
15
16    <uses-feature
16-->[com.google.android.gms:play-services-maps:18.1.0] AndroidManifest.xml:26:5-28:35
17        android:glEsVersion="0x00020000"
17-->[com.google.android.gms:play-services-maps:18.1.0] AndroidManifest.xml:27:9-41
18        android:required="true" />
18-->[com.google.android.gms:play-services-maps:18.1.0] AndroidManifest.xml:28:9-32
19
20    <queries>
20-->[com.google.android.gms:play-services-maps:18.1.0] AndroidManifest.xml:30:5-34:15
21
22        <!-- Needs to be explicitly declared on Android R+ -->
23        <package android:name="com.google.android.apps.maps" />
23-->[com.google.android.gms:play-services-maps:18.1.0] AndroidManifest.xml:33:9-64
23-->[com.google.android.gms:play-services-maps:18.1.0] AndroidManifest.xml:33:18-61
24    </queries>
25
26    <permission
26-->[androidx.core:core:1.9.0] AndroidManifest.xml:22:5-24:47
27        android:name="com.example.astro_weather.DYNAMIC_RECEIVER_NOT_EXPORTED_PERMISSION"
27-->[androidx.core:core:1.9.0] AndroidManifest.xml:23:9-81
28        android:protectionLevel="signature" />
28-->[androidx.core:core:1.9.0] AndroidManifest.xml:24:9-44
29
30    <uses-permission android:name="com.example.astro_weather.DYNAMIC_RECEIVER_NOT_EXPORTED_PERMISSION" />
30-->[androidx.core:core:1.9.0] AndroidManifest.xml:26:5-97
30-->[androidx.core:core:1.9.0] AndroidManifest.xml:26:22-94
31
32    <application
33        android:name="android.app.Application"
33-->src\main\AndroidManifest.xml:6:9-42
34        android:appComponentFactory="androidx.core.app.CoreComponentFactory"
34-->[androidx.core:core:1.9.0] AndroidManifest.xml:28:18-86
35        android:icon="@mipmap/ic_launcher"
35-->src\main\AndroidManifest.xml:7:9-43
36        android:label="astro_weather" >
36-->src\main\AndroidManifest.xml:5:9-38
37        <activity
37-->src\main\AndroidManifest.xml:8:9-28:20
38            android:name="com.example.astro_weather.MainActivity"
38-->src\main\AndroidManifest.xml:9:13-41
39            android:configChanges="orientation|keyboardHidden|keyboard|screenSize|smallestScreenSize|locale|layoutDirection|fontScale|screenLayout|density|uiMode"
39-->src\main\AndroidManifest.xml:13:13-163
40            android:exported="true"
40-->src\main\AndroidManifest.xml:10:13-36
41            android:hardwareAccelerated="true"
41-->src\main\AndroidManifest.xml:14:13-47
42            android:launchMode="singleTop"
42-->src\main\AndroidManifest.xml:11:13-43
43            android:theme="@style/LaunchTheme"
43-->src\main\AndroidManifest.xml:12:13-47
44            android:windowSoftInputMode="adjustResize" >
44-->src\main\AndroidManifest.xml:15:13-55
45
46            <!--
47                 Specifies an Android theme to apply to this Activity as soon as
48                 the Android process has started. This theme is visible to the user
49                 while the Flutter UI initializes. After that, this theme continues
50                 to determine the Window background behind the Flutter UI.
51            -->
52            <meta-data
52-->src\main\AndroidManifest.xml:20:13-23:17
53                android:name="io.flutter.embedding.android.NormalTheme"
53-->src\main\AndroidManifest.xml:21:15-70
54                android:resource="@style/NormalTheme" />
54-->src\main\AndroidManifest.xml:22:15-52
55
56            <intent-filter>
56-->src\main\AndroidManifest.xml:24:13-27:29
57                <action android:name="android.intent.action.MAIN" />
57-->src\main\AndroidManifest.xml:25:17-68
57-->src\main\AndroidManifest.xml:25:25-66
58
59                <category android:name="android.intent.category.LAUNCHER" />
59-->src\main\AndroidManifest.xml:26:17-76
59-->src\main\AndroidManifest.xml:26:27-74
60            </intent-filter>
61        </activity>
62        <!--
63             Don't delete the meta-data below.
64             This is used by the Flutter tool to generate GeneratedPluginRegistrant.java
65        -->
66        <meta-data
66-->src\main\AndroidManifest.xml:31:9-33:33
67            android:name="flutterEmbedding"
67-->src\main\AndroidManifest.xml:32:13-44
68            android:value="2" />
68-->src\main\AndroidManifest.xml:33:13-30
69        <meta-data
69-->src\main\AndroidManifest.xml:34:9-36:70
70            android:name="com.google.android.geo.API_KEY"
70-->src\main\AndroidManifest.xml:35:13-58
71            android:value="AIzaSyCcM9U9EWSRHgfbu4vhFn_MjmbjRHhrCxE" />
71-->src\main\AndroidManifest.xml:36:13-68
72
73        <service
73-->[:geolocator_android] AndroidManifest.xml:12:9-16:56
74            android:name="com.baseflow.geolocator.GeolocatorLocationService"
74-->[:geolocator_android] AndroidManifest.xml:13:13-77
75            android:enabled="true"
75-->[:geolocator_android] AndroidManifest.xml:14:13-35
76            android:exported="false"
76-->[:geolocator_android] AndroidManifest.xml:15:13-37
77            android:foregroundServiceType="location" />
77-->[:geolocator_android] AndroidManifest.xml:16:13-53
78
79        <uses-library
79-->[androidx.window:window:1.0.0-beta04] AndroidManifest.xml:25:9-27:40
80            android:name="androidx.window.extensions"
80-->[androidx.window:window:1.0.0-beta04] AndroidManifest.xml:26:13-54
81            android:required="false" />
81-->[androidx.window:window:1.0.0-beta04] AndroidManifest.xml:27:13-37
82        <uses-library
82-->[androidx.window:window:1.0.0-beta04] AndroidManifest.xml:28:9-30:40
83            android:name="androidx.window.sidecar"
83-->[androidx.window:window:1.0.0-beta04] AndroidManifest.xml:29:13-51
84            android:required="false" /> <!-- Needs to be explicitly declared on P+ -->
84-->[androidx.window:window:1.0.0-beta04] AndroidManifest.xml:30:13-37
85        <uses-library
85-->[com.google.android.gms:play-services-maps:18.1.0] AndroidManifest.xml:39:9-41:40
86            android:name="org.apache.http.legacy"
86-->[com.google.android.gms:play-services-maps:18.1.0] AndroidManifest.xml:40:13-50
87            android:required="false" />
87-->[com.google.android.gms:play-services-maps:18.1.0] AndroidManifest.xml:41:13-37
88
89        <activity
89-->[com.google.android.gms:play-services-base:18.1.0] AndroidManifest.xml:20:9-22:45
90            android:name="com.google.android.gms.common.api.GoogleApiActivity"
90-->[com.google.android.gms:play-services-base:18.1.0] AndroidManifest.xml:20:19-85
91            android:exported="false"
91-->[com.google.android.gms:play-services-base:18.1.0] AndroidManifest.xml:22:19-43
92            android:theme="@android:style/Theme.Translucent.NoTitleBar" />
92-->[com.google.android.gms:play-services-base:18.1.0] AndroidManifest.xml:21:19-78
93
94        <meta-data
94-->[com.google.android.gms:play-services-basement:18.1.0] AndroidManifest.xml:21:9-23:69
95            android:name="com.google.android.gms.version"
95-->[com.google.android.gms:play-services-basement:18.1.0] AndroidManifest.xml:22:13-58
96            android:value="@integer/google_play_services_version" />
96-->[com.google.android.gms:play-services-basement:18.1.0] AndroidManifest.xml:23:13-66
97    </application>
98
99</manifest>